<?xml version="1.0" encoding="UTF-8"?>
<!-- Generated by org.testng.reporters.JUnitReportReporter -->
<testsuite skipped="0" hostname="DESKTOP-5BIDCU3" name="org.church.SimpleProb" tests="3" failures="0" timestamp="14 Jul 2020 08:48:16 GMT" time="0.587" errors="0">
  <testcase name="s1" time="0.202" classname="org.church.SimpleProb"/>
  <testcase name="s3" time="0.220" classname="org.church.SimpleProb"/>
  <testcase name="s2" time="0.165" classname="org.church.SimpleProb"/>
</testsuite> <!-- org.church.SimpleProb -->
