<?xml version="1.0" encoding="UTF-8"?>
<!-- Generated by org.testng.reporters.JUnitReportReporter -->
<testsuite skipped="0" hostname="DESKTOP-5BIDCU3" name="org.church.FbPOM" tests="1" failures="0" timestamp="21 Jul 2020 09:35:33 GMT" time="8.231" errors="0">
  <testcase name="login" time="8.231" classname="org.church.FbPOM"/>
</testsuite> <!-- org.church.FbPOM -->
