<?xml version="1.0" encoding="UTF-8"?>
<!-- Generated by org.testng.reporters.JUnitReportReporter -->
<testsuite skipped="0" hostname="DESKTOP-5BIDCU3" name="org.church.DataDat" tests="3" failures="0" timestamp="18 Jul 2020 10:47:48 GMT" time="36.858" errors="0">
  <testcase name="d1" time="12.060" classname="org.church.DataDat"/>
  <testcase name="d1" time="12.199" classname="org.church.DataDat"/>
  <testcase name="d1" time="12.599" classname="org.church.DataDat"/>
</testsuite> <!-- org.church.DataDat -->
